goos: linux
goarch: amd64
pkg: uk.ac.bris.cs/gameoflife
BenchmarkGol/16x16x1000-1-12         	       1	  40919368 ns/op
BenchmarkGol/16x16x1000-1-12         	       1	  37500873 ns/op
BenchmarkGol/16x16x1000-1-12         	       1	  37475270 ns/op
BenchmarkGol/16x16x1000-1-12         	       1	  37799137 ns/op
BenchmarkGol/16x16x1000-1-12         	       1	  38652377 ns/op
BenchmarkGol/16x16x1000-2-12         	       1	  30968339 ns/op
BenchmarkGol/16x16x1000-2-12         	       1	  29904195 ns/op
BenchmarkGol/16x16x1000-2-12         	       1	  29873047 ns/op
BenchmarkGol/16x16x1000-2-12         	       1	  31477660 ns/op
BenchmarkGol/16x16x1000-2-12         	       1	  29890951 ns/op
BenchmarkGol/16x16x1000-3-12         	       1	  31995561 ns/op
BenchmarkGol/16x16x1000-3-12         	       1	  32069404 ns/op
BenchmarkGol/16x16x1000-3-12         	       1	  32480221 ns/op
BenchmarkGol/16x16x1000-3-12         	       1	  35658758 ns/op
BenchmarkGol/16x16x1000-3-12         	       1	  33701042 ns/op
BenchmarkGol/16x16x1000-4-12         	       1	  32187055 ns/op
BenchmarkGol/16x16x1000-4-12         	       1	  31830344 ns/op
BenchmarkGol/16x16x1000-4-12         	       1	  30774029 ns/op
BenchmarkGol/16x16x1000-4-12         	       1	  31065503 ns/op
BenchmarkGol/16x16x1000-4-12         	       1	  33182393 ns/op
BenchmarkGol/16x16x1000-5-12         	       1	  33156400 ns/op
BenchmarkGol/16x16x1000-5-12         	       1	  32073397 ns/op
BenchmarkGol/16x16x1000-5-12         	       1	  33240908 ns/op
BenchmarkGol/16x16x1000-5-12         	       1	  32895205 ns/op
BenchmarkGol/16x16x1000-5-12         	       1	  32618089 ns/op
BenchmarkGol/16x16x1000-6-12         	       1	  37795697 ns/op
BenchmarkGol/16x16x1000-6-12         	       1	  34846113 ns/op
BenchmarkGol/16x16x1000-6-12         	       1	  31769654 ns/op
BenchmarkGol/16x16x1000-6-12         	       1	  33658017 ns/op
BenchmarkGol/16x16x1000-6-12         	       1	  32372446 ns/op
BenchmarkGol/16x16x1000-7-12         	       1	  32485060 ns/op
BenchmarkGol/16x16x1000-7-12         	       1	  32563755 ns/op
BenchmarkGol/16x16x1000-7-12         	       1	  32040791 ns/op
BenchmarkGol/16x16x1000-7-12         	       1	  31572858 ns/op
BenchmarkGol/16x16x1000-7-12         	       1	  35457909 ns/op
BenchmarkGol/16x16x1000-8-12         	       1	  50210712 ns/op
BenchmarkGol/16x16x1000-8-12         	       1	  36960240 ns/op
BenchmarkGol/16x16x1000-8-12         	       1	  31936508 ns/op
BenchmarkGol/16x16x1000-8-12         	       1	  32187982 ns/op
BenchmarkGol/16x16x1000-8-12         	       1	  31637210 ns/op
BenchmarkGol/16x16x1000-9-12         	       1	  34781501 ns/op
BenchmarkGol/16x16x1000-9-12         	       1	  33946598 ns/op
BenchmarkGol/16x16x1000-9-12         	       1	  33775151 ns/op
BenchmarkGol/16x16x1000-9-12         	       1	  33469096 ns/op
BenchmarkGol/16x16x1000-9-12         	       1	  33748676 ns/op
BenchmarkGol/16x16x1000-10-12        	       1	  35167780 ns/op
BenchmarkGol/16x16x1000-10-12        	       1	  33221456 ns/op
BenchmarkGol/16x16x1000-10-12        	       1	  34236718 ns/op
BenchmarkGol/16x16x1000-10-12        	       1	  33565408 ns/op
BenchmarkGol/16x16x1000-10-12        	       1	  33596787 ns/op
BenchmarkGol/16x16x1000-11-12        	       1	  34911634 ns/op
BenchmarkGol/16x16x1000-11-12        	       1	  33225960 ns/op
BenchmarkGol/16x16x1000-11-12        	       1	  35291032 ns/op
BenchmarkGol/16x16x1000-11-12        	       1	  34389667 ns/op
BenchmarkGol/16x16x1000-11-12        	       1	  33720359 ns/op
BenchmarkGol/16x16x1000-12-12        	       1	  34928960 ns/op
BenchmarkGol/16x16x1000-12-12        	       1	  32826548 ns/op
BenchmarkGol/16x16x1000-12-12        	       1	  34272045 ns/op
BenchmarkGol/16x16x1000-12-12        	       1	  34089924 ns/op
BenchmarkGol/16x16x1000-12-12        	       1	  33133284 ns/op
BenchmarkGol/16x16x1000-13-12        	       1	  34243713 ns/op
BenchmarkGol/16x16x1000-13-12        	       1	  33876122 ns/op
BenchmarkGol/16x16x1000-13-12        	       1	  34626922 ns/op
BenchmarkGol/16x16x1000-13-12        	       1	  34241880 ns/op
BenchmarkGol/16x16x1000-13-12        	       1	  33674802 ns/op
BenchmarkGol/16x16x1000-14-12        	       1	  36450958 ns/op
BenchmarkGol/16x16x1000-14-12        	       1	  35871351 ns/op
BenchmarkGol/16x16x1000-14-12        	       1	  32890118 ns/op
BenchmarkGol/16x16x1000-14-12        	       1	  33076313 ns/op
BenchmarkGol/16x16x1000-14-12        	       1	  33445902 ns/op
BenchmarkGol/16x16x1000-15-12        	       1	  34540216 ns/op
BenchmarkGol/16x16x1000-15-12        	       1	  33521169 ns/op
BenchmarkGol/16x16x1000-15-12        	       1	  33151407 ns/op
BenchmarkGol/16x16x1000-15-12        	       1	  33185739 ns/op
BenchmarkGol/16x16x1000-15-12        	       1	  33645203 ns/op
BenchmarkGol/16x16x1000-16-12        	       1	  34742431 ns/op
BenchmarkGol/16x16x1000-16-12        	       1	  33095925 ns/op
BenchmarkGol/16x16x1000-16-12        	       1	  33094573 ns/op
BenchmarkGol/16x16x1000-16-12        	       1	  33497470 ns/op
BenchmarkGol/16x16x1000-16-12        	       1	  33346667 ns/op
ok  	uk.ac.bris.cs/gameoflife	5.591s
