goos: linux
goarch: amd64
pkg: uk.ac.bris.cs/gameoflife
BenchmarkGol/64x64x100-1-12         	       1	 423925784 ns/op
BenchmarkGol/64x64x100-1-12         	       1	 132004676 ns/op
BenchmarkGol/64x64x100-1-12         	       1	 374001661 ns/op
BenchmarkGol/64x64x100-1-12         	       1	 440284532 ns/op
BenchmarkGol/64x64x100-1-12         	       1	 343722537 ns/op
BenchmarkGol/64x64x100-2-12         	       1	  42878952 ns/op
BenchmarkGol/64x64x100-2-12         	       1	  43175212 ns/op
BenchmarkGol/64x64x100-2-12         	       1	  44039944 ns/op
BenchmarkGol/64x64x100-2-12         	       1	  41391346 ns/op
BenchmarkGol/64x64x100-2-12         	       1	  42343001 ns/op
BenchmarkGol/64x64x100-3-12         	       1	  37101020 ns/op
BenchmarkGol/64x64x100-3-12         	       1	  36250354 ns/op
BenchmarkGol/64x64x100-3-12         	       1	  39133920 ns/op
BenchmarkGol/64x64x100-3-12         	       1	  33749577 ns/op
BenchmarkGol/64x64x100-3-12         	       1	  40864233 ns/op
BenchmarkGol/64x64x100-4-12         	       1	  33811938 ns/op
BenchmarkGol/64x64x100-4-12         	       1	  34615594 ns/op
BenchmarkGol/64x64x100-4-12         	       1	  33504942 ns/op
BenchmarkGol/64x64x100-4-12         	       1	  34152788 ns/op
BenchmarkGol/64x64x100-4-12         	       1	  35300562 ns/op
BenchmarkGol/64x64x100-5-12         	       1	  32762732 ns/op
BenchmarkGol/64x64x100-5-12         	       1	  32588488 ns/op
BenchmarkGol/64x64x100-5-12         	       1	  33424013 ns/op
BenchmarkGol/64x64x100-5-12         	       1	  32579670 ns/op
BenchmarkGol/64x64x100-5-12         	       1	  33023460 ns/op
BenchmarkGol/64x64x100-6-12         	       1	  31504900 ns/op
BenchmarkGol/64x64x100-6-12         	       1	  30663069 ns/op
BenchmarkGol/64x64x100-6-12         	       1	  31141528 ns/op
BenchmarkGol/64x64x100-6-12         	       1	  30439495 ns/op
BenchmarkGol/64x64x100-6-12         	       1	  30465475 ns/op
BenchmarkGol/64x64x100-7-12         	       1	  30072051 ns/op
BenchmarkGol/64x64x100-7-12         	       1	  28946746 ns/op
BenchmarkGol/64x64x100-7-12         	       1	  29045254 ns/op
BenchmarkGol/64x64x100-7-12         	       1	  29093658 ns/op
BenchmarkGol/64x64x100-7-12         	       1	  30467107 ns/op
BenchmarkGol/64x64x100-8-12         	       1	  31283214 ns/op
BenchmarkGol/64x64x100-8-12         	       1	  29730694 ns/op
BenchmarkGol/64x64x100-8-12         	       1	  28915760 ns/op
BenchmarkGol/64x64x100-8-12         	       1	  29089118 ns/op
BenchmarkGol/64x64x100-8-12         	       1	  29434314 ns/op
BenchmarkGol/64x64x100-9-12         	       1	  30162854 ns/op
BenchmarkGol/64x64x100-9-12         	       1	  27613921 ns/op
BenchmarkGol/64x64x100-9-12         	       1	  27628110 ns/op
BenchmarkGol/64x64x100-9-12         	       1	  27503721 ns/op
BenchmarkGol/64x64x100-9-12         	       1	  27837371 ns/op
BenchmarkGol/64x64x100-10-12        	       1	  29225915 ns/op
BenchmarkGol/64x64x100-10-12        	       1	  32443240 ns/op
BenchmarkGol/64x64x100-10-12        	       1	  26824719 ns/op
BenchmarkGol/64x64x100-10-12        	       1	  27832721 ns/op
BenchmarkGol/64x64x100-10-12        	       1	  27759671 ns/op
BenchmarkGol/64x64x100-11-12        	       1	  30396147 ns/op
BenchmarkGol/64x64x100-11-12        	       1	  28161985 ns/op
BenchmarkGol/64x64x100-11-12        	       1	  28363194 ns/op
BenchmarkGol/64x64x100-11-12        	       1	  28071611 ns/op
BenchmarkGol/64x64x100-11-12        	       1	  28391157 ns/op
BenchmarkGol/64x64x100-12-12        	       1	  27618428 ns/op
BenchmarkGol/64x64x100-12-12        	       1	  28564997 ns/op
BenchmarkGol/64x64x100-12-12        	       1	  25853351 ns/op
BenchmarkGol/64x64x100-12-12        	       1	  30081883 ns/op
BenchmarkGol/64x64x100-12-12        	       1	  26840994 ns/op
BenchmarkGol/64x64x100-13-12        	       1	  31193587 ns/op
BenchmarkGol/64x64x100-13-12        	       1	  29942230 ns/op
BenchmarkGol/64x64x100-13-12        	       1	  29248244 ns/op
BenchmarkGol/64x64x100-13-12        	       1	  29726368 ns/op
BenchmarkGol/64x64x100-13-12        	       1	  29223847 ns/op
BenchmarkGol/64x64x100-14-12        	       1	  28850810 ns/op
BenchmarkGol/64x64x100-14-12        	       1	  27164868 ns/op
BenchmarkGol/64x64x100-14-12        	       1	  26804616 ns/op
BenchmarkGol/64x64x100-14-12        	       1	  27684207 ns/op
BenchmarkGol/64x64x100-14-12        	       1	  29660800 ns/op
BenchmarkGol/64x64x100-15-12        	       1	  33806946 ns/op
BenchmarkGol/64x64x100-15-12        	       1	  29871463 ns/op
BenchmarkGol/64x64x100-15-12        	       1	  32004605 ns/op
BenchmarkGol/64x64x100-15-12        	       1	  26176304 ns/op
BenchmarkGol/64x64x100-15-12        	       1	  27897268 ns/op
BenchmarkGol/64x64x100-16-12        	       1	  31750750 ns/op
BenchmarkGol/64x64x100-16-12        	       1	  27219112 ns/op
BenchmarkGol/64x64x100-16-12        	       1	  28842349 ns/op
BenchmarkGol/64x64x100-16-12        	       1	  28982556 ns/op
BenchmarkGol/64x64x100-16-12        	       1	  27257876 ns/op
ok  	uk.ac.bris.cs/gameoflife	7.955s
