goos: linux
goarch: amd64
pkg: uk.ac.bris.cs/gameoflife
BenchmarkGol/16x16x100-1-12         	       1	   6001677 ns/op
BenchmarkGol/16x16x100-1-12         	       1	   5687994 ns/op
BenchmarkGol/16x16x100-1-12         	       1	   5584887 ns/op
BenchmarkGol/16x16x100-1-12         	       1	   5859787 ns/op
BenchmarkGol/16x16x100-1-12         	       1	   5936669 ns/op
BenchmarkGol/16x16x100-2-12         	       1	   4853034 ns/op
BenchmarkGol/16x16x100-2-12         	       1	   5929443 ns/op
BenchmarkGol/16x16x100-2-12         	       1	   6016725 ns/op
BenchmarkGol/16x16x100-2-12         	       1	   5876570 ns/op
BenchmarkGol/16x16x100-2-12         	       1	   5194157 ns/op
BenchmarkGol/16x16x100-3-12         	       1	   5182715 ns/op
BenchmarkGol/16x16x100-3-12         	       1	   5984472 ns/op
BenchmarkGol/16x16x100-3-12         	       1	   5924031 ns/op
BenchmarkGol/16x16x100-3-12         	       1	   6406792 ns/op
BenchmarkGol/16x16x100-3-12         	       1	   5812671 ns/op
BenchmarkGol/16x16x100-4-12         	       1	   5076119 ns/op
BenchmarkGol/16x16x100-4-12         	       1	   5038933 ns/op
BenchmarkGol/16x16x100-4-12         	       1	   5165992 ns/op
BenchmarkGol/16x16x100-4-12         	       1	   5179471 ns/op
BenchmarkGol/16x16x100-4-12         	       1	   5129216 ns/op
BenchmarkGol/16x16x100-5-12         	       1	   5019360 ns/op
BenchmarkGol/16x16x100-5-12         	       1	   5252569 ns/op
BenchmarkGol/16x16x100-5-12         	       1	   5109830 ns/op
BenchmarkGol/16x16x100-5-12         	       1	   5062907 ns/op
BenchmarkGol/16x16x100-5-12         	       1	   5392645 ns/op
BenchmarkGol/16x16x100-6-12         	       1	   5484788 ns/op
BenchmarkGol/16x16x100-6-12         	       1	   5212979 ns/op
BenchmarkGol/16x16x100-6-12         	       1	   5461454 ns/op
BenchmarkGol/16x16x100-6-12         	       1	   5389544 ns/op
BenchmarkGol/16x16x100-6-12         	       1	   4926206 ns/op
BenchmarkGol/16x16x100-7-12         	       1	   5005006 ns/op
BenchmarkGol/16x16x100-7-12         	       1	   5191328 ns/op
BenchmarkGol/16x16x100-7-12         	       1	   5172049 ns/op
BenchmarkGol/16x16x100-7-12         	       1	   4877322 ns/op
BenchmarkGol/16x16x100-7-12         	       1	   5092683 ns/op
BenchmarkGol/16x16x100-8-12         	       1	   5262198 ns/op
BenchmarkGol/16x16x100-8-12         	       1	   5157343 ns/op
BenchmarkGol/16x16x100-8-12         	       1	   5523214 ns/op
BenchmarkGol/16x16x100-8-12         	       1	   4932920 ns/op
BenchmarkGol/16x16x100-8-12         	       1	   5575939 ns/op
BenchmarkGol/16x16x100-9-12         	       1	   5620383 ns/op
BenchmarkGol/16x16x100-9-12         	       1	   5226292 ns/op
BenchmarkGol/16x16x100-9-12         	       1	   5359796 ns/op
BenchmarkGol/16x16x100-9-12         	       1	   5512906 ns/op
BenchmarkGol/16x16x100-9-12         	       1	   5480544 ns/op
BenchmarkGol/16x16x100-10-12        	       1	   5042374 ns/op
BenchmarkGol/16x16x100-10-12        	       1	   5677907 ns/op
BenchmarkGol/16x16x100-10-12        	       1	   5561361 ns/op
BenchmarkGol/16x16x100-10-12        	       1	   5266301 ns/op
BenchmarkGol/16x16x100-10-12        	       1	   5434716 ns/op
BenchmarkGol/16x16x100-11-12        	       1	   5463400 ns/op
BenchmarkGol/16x16x100-11-12        	       1	   5428484 ns/op
BenchmarkGol/16x16x100-11-12        	       1	   5309204 ns/op
BenchmarkGol/16x16x100-11-12        	       1	   5491150 ns/op
BenchmarkGol/16x16x100-11-12        	       1	   5645626 ns/op
BenchmarkGol/16x16x100-12-12        	       1	   5238113 ns/op
BenchmarkGol/16x16x100-12-12        	       1	   5538955 ns/op
BenchmarkGol/16x16x100-12-12        	       1	   5118202 ns/op
BenchmarkGol/16x16x100-12-12        	       1	   5518454 ns/op
BenchmarkGol/16x16x100-12-12        	       1	   5439106 ns/op
BenchmarkGol/16x16x100-13-12        	       1	   5234601 ns/op
BenchmarkGol/16x16x100-13-12        	       1	   4948163 ns/op
BenchmarkGol/16x16x100-13-12        	       1	   5328494 ns/op
BenchmarkGol/16x16x100-13-12        	       1	   5414875 ns/op
BenchmarkGol/16x16x100-13-12        	       1	   5055526 ns/op
BenchmarkGol/16x16x100-14-12        	       1	   5498326 ns/op
BenchmarkGol/16x16x100-14-12        	       1	   5501565 ns/op
BenchmarkGol/16x16x100-14-12        	       1	   5520098 ns/op
BenchmarkGol/16x16x100-14-12        	       1	   5286868 ns/op
BenchmarkGol/16x16x100-14-12        	       1	   5395515 ns/op
BenchmarkGol/16x16x100-15-12        	       1	   5230276 ns/op
BenchmarkGol/16x16x100-15-12        	       1	   5283025 ns/op
BenchmarkGol/16x16x100-15-12        	       1	   5585221 ns/op
BenchmarkGol/16x16x100-15-12        	       1	   5178302 ns/op
BenchmarkGol/16x16x100-15-12        	       1	   5408055 ns/op
BenchmarkGol/16x16x100-16-12        	       1	   5626153 ns/op
BenchmarkGol/16x16x100-16-12        	       1	   5644706 ns/op
BenchmarkGol/16x16x100-16-12        	       1	   5404842 ns/op
BenchmarkGol/16x16x100-16-12        	       1	   5351769 ns/op
BenchmarkGol/16x16x100-16-12        	       1	   5815168 ns/op
ok  	uk.ac.bris.cs/gameoflife	0.919s
