goos: linux
goarch: amd64
pkg: uk.ac.bris.cs/gameoflife
BenchmarkGol/512x512x50-1-12         	       1	2172867151 ns/op
BenchmarkGol/512x512x50-1-12         	       1	2163637449 ns/op
BenchmarkGol/512x512x50-1-12         	       1	2181471717 ns/op
BenchmarkGol/512x512x50-1-12         	       1	2169904705 ns/op
BenchmarkGol/512x512x50-1-12         	       1	2173922656 ns/op
BenchmarkGol/512x512x50-2-12         	       1	1389796326 ns/op
BenchmarkGol/512x512x50-2-12         	       1	1370458243 ns/op
BenchmarkGol/512x512x50-2-12         	       1	1381820048 ns/op
BenchmarkGol/512x512x50-2-12         	       1	1363858422 ns/op
BenchmarkGol/512x512x50-2-12         	       1	1378963873 ns/op
BenchmarkGol/512x512x50-3-12         	       1	1160318716 ns/op
BenchmarkGol/512x512x50-3-12         	       1	1167265744 ns/op
BenchmarkGol/512x512x50-3-12         	       1	1122125689 ns/op
BenchmarkGol/512x512x50-3-12         	       1	1169506401 ns/op
BenchmarkGol/512x512x50-3-12         	       1	1176169823 ns/op
BenchmarkGol/512x512x50-4-12         	       1	1070214883 ns/op
BenchmarkGol/512x512x50-4-12         	       1	1084328824 ns/op
BenchmarkGol/512x512x50-4-12         	       1	1079708140 ns/op
BenchmarkGol/512x512x50-4-12         	       1	1075045872 ns/op
BenchmarkGol/512x512x50-4-12         	       1	1041546371 ns/op
BenchmarkGol/512x512x50-5-12         	       1	 982394117 ns/op
BenchmarkGol/512x512x50-5-12         	       1	 985008554 ns/op
BenchmarkGol/512x512x50-5-12         	       1	1018708310 ns/op
BenchmarkGol/512x512x50-5-12         	       1	 994607757 ns/op
BenchmarkGol/512x512x50-5-12         	       1	1003111235 ns/op
BenchmarkGol/512x512x50-6-12         	       1	 939206740 ns/op
BenchmarkGol/512x512x50-6-12         	       1	 944505830 ns/op
BenchmarkGol/512x512x50-6-12         	       1	 940546081 ns/op
BenchmarkGol/512x512x50-6-12         	       1	 939518437 ns/op
BenchmarkGol/512x512x50-6-12         	       1	 942723419 ns/op
BenchmarkGol/512x512x50-7-12         	       1	 884745365 ns/op
BenchmarkGol/512x512x50-7-12         	       1	 889523883 ns/op
BenchmarkGol/512x512x50-7-12         	       1	 878630415 ns/op
BenchmarkGol/512x512x50-7-12         	       1	 885030755 ns/op
BenchmarkGol/512x512x50-7-12         	       1	 884034745 ns/op
BenchmarkGol/512x512x50-8-12         	       1	 841946930 ns/op
BenchmarkGol/512x512x50-8-12         	       1	 843674404 ns/op
BenchmarkGol/512x512x50-8-12         	       1	 840767863 ns/op
BenchmarkGol/512x512x50-8-12         	       1	 844660301 ns/op
BenchmarkGol/512x512x50-8-12         	       1	 842075080 ns/op
BenchmarkGol/512x512x50-9-12         	       1	 821361693 ns/op
BenchmarkGol/512x512x50-9-12         	       1	 824348112 ns/op
BenchmarkGol/512x512x50-9-12         	       1	 824423444 ns/op
BenchmarkGol/512x512x50-9-12         	       1	 825071838 ns/op
BenchmarkGol/512x512x50-9-12         	       1	 829386537 ns/op
BenchmarkGol/512x512x50-10-12        	       1	 792289328 ns/op
BenchmarkGol/512x512x50-10-12        	       1	 787879486 ns/op
BenchmarkGol/512x512x50-10-12        	       1	 785542108 ns/op
BenchmarkGol/512x512x50-10-12        	       1	 784958712 ns/op
BenchmarkGol/512x512x50-10-12        	       1	 786196572 ns/op
BenchmarkGol/512x512x50-11-12        	       1	 777689957 ns/op
BenchmarkGol/512x512x50-11-12        	       1	 772646497 ns/op
BenchmarkGol/512x512x50-11-12        	       1	 768141016 ns/op
BenchmarkGol/512x512x50-11-12        	       1	 775867488 ns/op
BenchmarkGol/512x512x50-11-12        	       1	 774389042 ns/op
BenchmarkGol/512x512x50-12-12        	       1	 771830728 ns/op
BenchmarkGol/512x512x50-12-12        	       1	 769641092 ns/op
BenchmarkGol/512x512x50-12-12        	       1	 768931905 ns/op
BenchmarkGol/512x512x50-12-12        	       1	 771287450 ns/op
BenchmarkGol/512x512x50-12-12        	       1	 776084033 ns/op
BenchmarkGol/512x512x50-13-12        	       1	 845863576 ns/op
BenchmarkGol/512x512x50-13-12        	       1	 845031266 ns/op
BenchmarkGol/512x512x50-13-12        	       1	 841728924 ns/op
BenchmarkGol/512x512x50-13-12        	       1	 844843647 ns/op
BenchmarkGol/512x512x50-13-12        	       1	 843704785 ns/op
BenchmarkGol/512x512x50-14-12        	       1	 831797960 ns/op
BenchmarkGol/512x512x50-14-12        	       1	 829961696 ns/op
BenchmarkGol/512x512x50-14-12        	       1	 826854970 ns/op
BenchmarkGol/512x512x50-14-12        	       1	 828381950 ns/op
BenchmarkGol/512x512x50-14-12        	       1	 832290559 ns/op
BenchmarkGol/512x512x50-15-12        	       1	 805761598 ns/op
BenchmarkGol/512x512x50-15-12        	       1	 827904820 ns/op
BenchmarkGol/512x512x50-15-12        	       1	 812145500 ns/op
BenchmarkGol/512x512x50-15-12        	       1	 819725505 ns/op
BenchmarkGol/512x512x50-15-12        	       1	 815525936 ns/op
BenchmarkGol/512x512x50-16-12        	       1	 815089120 ns/op
BenchmarkGol/512x512x50-16-12        	       1	 809385557 ns/op
BenchmarkGol/512x512x50-16-12        	       1	 807936069 ns/op
BenchmarkGol/512x512x50-16-12        	       1	 805756634 ns/op
BenchmarkGol/512x512x50-16-12        	       1	 802818649 ns/op
ok  	uk.ac.bris.cs/gameoflife	159.420s
