goos: linux
goarch: amd64
pkg: uk.ac.bris.cs/gameoflife
BenchmarkGol/64x64x1000-1-12         	       1	2181062992 ns/op
BenchmarkGol/64x64x1000-1-12         	       1	2615419532 ns/op
BenchmarkGol/64x64x1000-1-12         	       1	2165140554 ns/op
BenchmarkGol/64x64x1000-1-12         	       1	2830427696 ns/op
BenchmarkGol/64x64x1000-1-12         	       1	1530855526 ns/op
BenchmarkGol/64x64x1000-2-12         	       1	 348920758 ns/op
BenchmarkGol/64x64x1000-2-12         	       1	 339341355 ns/op
BenchmarkGol/64x64x1000-2-12         	       1	 360595296 ns/op
BenchmarkGol/64x64x1000-2-12         	       1	 366992878 ns/op
BenchmarkGol/64x64x1000-2-12         	       1	 360918779 ns/op
BenchmarkGol/64x64x1000-3-12         	       1	 301735992 ns/op
BenchmarkGol/64x64x1000-3-12         	       1	 302793747 ns/op
BenchmarkGol/64x64x1000-3-12         	       1	 304882303 ns/op
BenchmarkGol/64x64x1000-3-12         	       1	 304210598 ns/op
BenchmarkGol/64x64x1000-3-12         	       1	 303742811 ns/op
BenchmarkGol/64x64x1000-4-12         	       1	 269606176 ns/op
BenchmarkGol/64x64x1000-4-12         	       1	 267475109 ns/op
BenchmarkGol/64x64x1000-4-12         	       1	 271025551 ns/op
BenchmarkGol/64x64x1000-4-12         	       1	 274063059 ns/op
BenchmarkGol/64x64x1000-4-12         	       1	 262506869 ns/op
BenchmarkGol/64x64x1000-5-12         	       1	 236649691 ns/op
BenchmarkGol/64x64x1000-5-12         	       1	 234165282 ns/op
BenchmarkGol/64x64x1000-5-12         	       1	 237144710 ns/op
BenchmarkGol/64x64x1000-5-12         	       1	 241699912 ns/op
BenchmarkGol/64x64x1000-5-12         	       1	 235266471 ns/op
BenchmarkGol/64x64x1000-6-12         	       1	 218777985 ns/op
BenchmarkGol/64x64x1000-6-12         	       1	 217020343 ns/op
BenchmarkGol/64x64x1000-6-12         	       1	 214975605 ns/op
BenchmarkGol/64x64x1000-6-12         	       1	 214985630 ns/op
BenchmarkGol/64x64x1000-6-12         	       1	 213398754 ns/op
BenchmarkGol/64x64x1000-7-12         	       1	 204495433 ns/op
BenchmarkGol/64x64x1000-7-12         	       1	 201932222 ns/op
BenchmarkGol/64x64x1000-7-12         	       1	 204203954 ns/op
BenchmarkGol/64x64x1000-7-12         	       1	 201312537 ns/op
BenchmarkGol/64x64x1000-7-12         	       1	 201384520 ns/op
BenchmarkGol/64x64x1000-8-12         	       1	 193255384 ns/op
BenchmarkGol/64x64x1000-8-12         	       1	 193863308 ns/op
BenchmarkGol/64x64x1000-8-12         	       1	 199861457 ns/op
BenchmarkGol/64x64x1000-8-12         	       1	 193208289 ns/op
BenchmarkGol/64x64x1000-8-12         	       1	 196524319 ns/op
BenchmarkGol/64x64x1000-9-12         	       1	 189564239 ns/op
BenchmarkGol/64x64x1000-9-12         	       1	 188007246 ns/op
BenchmarkGol/64x64x1000-9-12         	       1	 191165363 ns/op
BenchmarkGol/64x64x1000-9-12         	       1	 189204465 ns/op
BenchmarkGol/64x64x1000-9-12         	       1	 181728508 ns/op
BenchmarkGol/64x64x1000-10-12        	       1	 179914480 ns/op
BenchmarkGol/64x64x1000-10-12        	       1	 177574679 ns/op
BenchmarkGol/64x64x1000-10-12        	       1	 175097061 ns/op
BenchmarkGol/64x64x1000-10-12        	       1	 177092669 ns/op
BenchmarkGol/64x64x1000-10-12        	       1	 178234020 ns/op
BenchmarkGol/64x64x1000-11-12        	       1	 202841868 ns/op
BenchmarkGol/64x64x1000-11-12        	       1	 191195866 ns/op
BenchmarkGol/64x64x1000-11-12        	       1	 194701037 ns/op
BenchmarkGol/64x64x1000-11-12        	       1	 192999538 ns/op
BenchmarkGol/64x64x1000-11-12        	       1	 189280558 ns/op
BenchmarkGol/64x64x1000-12-12        	       1	 178724934 ns/op
BenchmarkGol/64x64x1000-12-12        	       1	 183232896 ns/op
BenchmarkGol/64x64x1000-12-12        	       1	 171786857 ns/op
BenchmarkGol/64x64x1000-12-12        	       1	 180332894 ns/op
BenchmarkGol/64x64x1000-12-12        	       1	 183280177 ns/op
BenchmarkGol/64x64x1000-13-12        	       1	 209331961 ns/op
BenchmarkGol/64x64x1000-13-12        	       1	 210238676 ns/op
BenchmarkGol/64x64x1000-13-12        	       1	 204792762 ns/op
BenchmarkGol/64x64x1000-13-12        	       1	 206278417 ns/op
BenchmarkGol/64x64x1000-13-12        	       1	 208920051 ns/op
BenchmarkGol/64x64x1000-14-12        	       1	 207529658 ns/op
BenchmarkGol/64x64x1000-14-12        	       1	 187765982 ns/op
BenchmarkGol/64x64x1000-14-12        	       1	 188716394 ns/op
BenchmarkGol/64x64x1000-14-12        	       1	 185882477 ns/op
BenchmarkGol/64x64x1000-14-12        	       1	 187234440 ns/op
BenchmarkGol/64x64x1000-15-12        	       1	 196659824 ns/op
BenchmarkGol/64x64x1000-15-12        	       1	 189476419 ns/op
BenchmarkGol/64x64x1000-15-12        	       1	 179579313 ns/op
BenchmarkGol/64x64x1000-15-12        	       1	 181778768 ns/op
BenchmarkGol/64x64x1000-15-12        	       1	 183195492 ns/op
BenchmarkGol/64x64x1000-16-12        	       1	 192892836 ns/op
BenchmarkGol/64x64x1000-16-12        	       1	 179161610 ns/op
BenchmarkGol/64x64x1000-16-12        	       1	 184243023 ns/op
BenchmarkGol/64x64x1000-16-12        	       1	 182631255 ns/op
BenchmarkGol/64x64x1000-16-12        	       1	 186981487 ns/op
ok  	uk.ac.bris.cs/gameoflife	56.563s
