goos: linux
goarch: amd64
pkg: uk.ac.bris.cs/gameoflife
BenchmarkGol/512x512x100-1-12         	       1	3934515950 ns/op
BenchmarkGol/512x512x100-1-12         	       1	3906975890 ns/op
BenchmarkGol/512x512x100-1-12         	       1	3879807596 ns/op
BenchmarkGol/512x512x100-1-12         	       1	3881587549 ns/op
BenchmarkGol/512x512x100-1-12         	       1	3860656338 ns/op
BenchmarkGol/512x512x100-2-12         	       1	2212632621 ns/op
BenchmarkGol/512x512x100-2-12         	       1	2225597494 ns/op
BenchmarkGol/512x512x100-2-12         	       1	2248751599 ns/op
BenchmarkGol/512x512x100-2-12         	       1	2233668740 ns/op
BenchmarkGol/512x512x100-2-12         	       1	2224974729 ns/op
BenchmarkGol/512x512x100-3-12         	       1	1850475395 ns/op
BenchmarkGol/512x512x100-3-12         	       1	1846525451 ns/op
BenchmarkGol/512x512x100-3-12         	       1	1781319894 ns/op
BenchmarkGol/512x512x100-3-12         	       1	1814194048 ns/op
BenchmarkGol/512x512x100-3-12         	       1	1791949231 ns/op
BenchmarkGol/512x512x100-4-12         	       1	1659552297 ns/op
BenchmarkGol/512x512x100-4-12         	       1	1678680297 ns/op
BenchmarkGol/512x512x100-4-12         	       1	1709753432 ns/op
BenchmarkGol/512x512x100-4-12         	       1	1665933324 ns/op
BenchmarkGol/512x512x100-4-12         	       1	1642929351 ns/op
BenchmarkGol/512x512x100-5-12         	       1	1493467162 ns/op
BenchmarkGol/512x512x100-5-12         	       1	1519770381 ns/op
BenchmarkGol/512x512x100-5-12         	       1	1525420140 ns/op
BenchmarkGol/512x512x100-5-12         	       1	1532676044 ns/op
BenchmarkGol/512x512x100-5-12         	       1	1504582939 ns/op
BenchmarkGol/512x512x100-6-12         	       1	1401926305 ns/op
BenchmarkGol/512x512x100-6-12         	       1	1409807502 ns/op
BenchmarkGol/512x512x100-6-12         	       1	1401090195 ns/op
BenchmarkGol/512x512x100-6-12         	       1	1401523776 ns/op
BenchmarkGol/512x512x100-6-12         	       1	1397358383 ns/op
BenchmarkGol/512x512x100-7-12         	       1	1290966815 ns/op
BenchmarkGol/512x512x100-7-12         	       1	1291960756 ns/op
BenchmarkGol/512x512x100-7-12         	       1	1293559221 ns/op
BenchmarkGol/512x512x100-7-12         	       1	1289449749 ns/op
BenchmarkGol/512x512x100-7-12         	       1	1291929426 ns/op
BenchmarkGol/512x512x100-8-12         	       1	1209367979 ns/op
BenchmarkGol/512x512x100-8-12         	       1	1202896753 ns/op
BenchmarkGol/512x512x100-8-12         	       1	1200993723 ns/op
BenchmarkGol/512x512x100-8-12         	       1	1201646779 ns/op
BenchmarkGol/512x512x100-8-12         	       1	1212575817 ns/op
BenchmarkGol/512x512x100-9-12         	       1	1162756112 ns/op
BenchmarkGol/512x512x100-9-12         	       1	1158507605 ns/op
BenchmarkGol/512x512x100-9-12         	       1	1163468103 ns/op
BenchmarkGol/512x512x100-9-12         	       1	1160433977 ns/op
BenchmarkGol/512x512x100-9-12         	       1	1163988446 ns/op
BenchmarkGol/512x512x100-10-12        	       1	1097897986 ns/op
BenchmarkGol/512x512x100-10-12        	       1	1093551796 ns/op
BenchmarkGol/512x512x100-10-12        	       1	1090266321 ns/op
BenchmarkGol/512x512x100-10-12        	       1	1089161336 ns/op
BenchmarkGol/512x512x100-10-12        	       1	1093811246 ns/op
BenchmarkGol/512x512x100-11-12        	       1	1067712513 ns/op
BenchmarkGol/512x512x100-11-12        	       1	1070401185 ns/op
BenchmarkGol/512x512x100-11-12        	       1	1078866663 ns/op
BenchmarkGol/512x512x100-11-12        	       1	1100521277 ns/op
BenchmarkGol/512x512x100-11-12        	       1	1080606650 ns/op
BenchmarkGol/512x512x100-12-12        	       1	1067605287 ns/op
BenchmarkGol/512x512x100-12-12        	       1	1062919076 ns/op
BenchmarkGol/512x512x100-12-12        	       1	1063719288 ns/op
BenchmarkGol/512x512x100-12-12        	       1	1067710239 ns/op
BenchmarkGol/512x512x100-12-12        	       1	1065748204 ns/op
BenchmarkGol/512x512x100-13-12        	       1	1212408944 ns/op
BenchmarkGol/512x512x100-13-12        	       1	1296142498 ns/op
BenchmarkGol/512x512x100-13-12        	       1	1214909201 ns/op
BenchmarkGol/512x512x100-13-12        	       1	1208187122 ns/op
BenchmarkGol/512x512x100-13-12        	       1	1204327823 ns/op
BenchmarkGol/512x512x100-14-12        	       1	1170698583 ns/op
BenchmarkGol/512x512x100-14-12        	       1	1177562996 ns/op
BenchmarkGol/512x512x100-14-12        	       1	1173601158 ns/op
BenchmarkGol/512x512x100-14-12        	       1	1173764239 ns/op
BenchmarkGol/512x512x100-14-12        	       1	1178061113 ns/op
BenchmarkGol/512x512x100-15-12        	       1	1159596607 ns/op
BenchmarkGol/512x512x100-15-12        	       1	1158912127 ns/op
BenchmarkGol/512x512x100-15-12        	       1	1155432613 ns/op
BenchmarkGol/512x512x100-15-12        	       1	1155214406 ns/op
BenchmarkGol/512x512x100-15-12        	       1	1192539502 ns/op
BenchmarkGol/512x512x100-16-12        	       1	1136595573 ns/op
BenchmarkGol/512x512x100-16-12        	       1	1145657064 ns/op
BenchmarkGol/512x512x100-16-12        	       1	1136505906 ns/op
BenchmarkGol/512x512x100-16-12        	       1	1140980668 ns/op
BenchmarkGol/512x512x100-16-12        	       1	1136313183 ns/op
ok  	uk.ac.bris.cs/gameoflife	241.563s
